TN:
SF:C:\Users\ramon.n.s.asuncion\Documents\3_Adhoc_Tasks\JavaScript Code Coverage\Test Projects\sonar_project\jscocotest\src\test\appTest.js
FN:10,(anonymous_0)
FN:12,(anonymous_1)
FN:13,(anonymous_2)
FN:18,(anonymous_3)
FN:24,(anonymous_4)
FN:25,(anonymous_5)
FN:30,(anonymous_6)
FNF:7
FNH:7
FNDA:1,(anonymous_0)
FNDA:1,(anonymous_1)
FNDA:1,(anonymous_2)
FNDA:1,(anonymous_3)
FNDA:1,(anonymous_4)
FNDA:1,(anonymous_5)
FNDA:1,(anonymous_6)
DA:1,1
DA:4,1
DA:7,1
DA:8,1
DA:10,1
DA:12,1
DA:13,1
DA:15,1
DA:18,1
DA:20,1
DA:24,1
DA:25,1
DA:27,1
DA:30,1
DA:32,1
LF:15
LH:15
BRF:0
BRH:0
end_of_record
